{"/home/deboracaires/Projetos/API - Sing me a Song/src/database/database.js": {"path":"/home/deboracaires/Projetos/API - Sing me a Song/src/database/database.js","statementMap":{"0":{"start":{"line":4,"column":0},"end":{"line":4,"column":16}},"1":{"start":{"line":5,"column":17},"end":{"line":5,"column":19}},"2":{"start":{"line":15,"column":4},"end":{"line":15,"column":15}},"3":{"start":{"line":17,"column":21},"end":{"line":23,"column":1}},"4":{"start":{"line":25,"column":0},"end":{"line":32,"column":1}},"5":{"start":{"line":26,"column":2},"end":{"line":31,"column":4}},"6":{"start":{"line":34,"column":19},"end":{"line":34,"column":43}}},"fnMap":{},"branchMap":{"0":{"loc":{"start":{"line":25,"column":0},"end":{"line":32,"column":1}},"type":"if","locations":[{"start":{"line":25,"column":0},"end":{"line":32,"column":1}},{"start":{},"end":{}}],"line":25}},"s":{"0":1,"1":1,"2":1,"3":1,"4":1,"5":0,"6":1},"f":{},"b":{"0":[0,1]},"_coverageSchema":"1a1c01bbd47fc00a2c39e90264f33305004495a9","hash":"797cbeef97d8dd35f7249eb0c19a92c8130924a8"}
,"/home/deboracaires/Projetos/API - Sing me a Song/src/errors/IdNotFoundError.js": {"path":"/home/deboracaires/Projetos/API - Sing me a Song/src/errors/IdNotFoundError.js","statementMap":{"0":{"start":{"line":3,"column":4},"end":{"line":3,"column":19}},"1":{"start":{"line":4,"column":4},"end":{"line":4,"column":34}}},"fnMap":{"0":{"name":"(anonymous_0)","decl":{"start":{"line":2,"column":2},"end":{"line":2,"column":3}},"loc":{"start":{"line":2,"column":23},"end":{"line":5,"column":3}},"line":2}},"branchMap":{},"s":{"0":2,"1":2},"f":{"0":2},"b":{},"_coverageSchema":"1a1c01bbd47fc00a2c39e90264f33305004495a9","hash":"da380b4b9e07e6adb724a2ef8cd632a9e28f11c9"}
,"/home/deboracaires/Projetos/API - Sing me a Song/src/errors/InvalidIdError.js": {"path":"/home/deboracaires/Projetos/API - Sing me a Song/src/errors/InvalidIdError.js","statementMap":{"0":{"start":{"line":3,"column":4},"end":{"line":3,"column":19}},"1":{"start":{"line":4,"column":4},"end":{"line":4,"column":33}}},"fnMap":{"0":{"name":"(anonymous_0)","decl":{"start":{"line":2,"column":2},"end":{"line":2,"column":3}},"loc":{"start":{"line":2,"column":23},"end":{"line":5,"column":3}},"line":2}},"branchMap":{},"s":{"0":2,"1":2},"f":{"0":2},"b":{},"_coverageSchema":"1a1c01bbd47fc00a2c39e90264f33305004495a9","hash":"b13782b84675ad1ad61eea702ff074515d40d975"}
,"/home/deboracaires/Projetos/API - Sing me a Song/src/errors/LinkAlreadyRegisteredError.js": {"path":"/home/deboracaires/Projetos/API - Sing me a Song/src/errors/LinkAlreadyRegisteredError.js","statementMap":{"0":{"start":{"line":3,"column":4},"end":{"line":3,"column":19}},"1":{"start":{"line":4,"column":4},"end":{"line":4,"column":45}}},"fnMap":{"0":{"name":"(anonymous_0)","decl":{"start":{"line":2,"column":2},"end":{"line":2,"column":3}},"loc":{"start":{"line":2,"column":23},"end":{"line":5,"column":3}},"line":2}},"branchMap":{},"s":{"0":1,"1":1},"f":{"0":1},"b":{},"_coverageSchema":"1a1c01bbd47fc00a2c39e90264f33305004495a9","hash":"5971b56d696490d26db6b356d0598e01091e482f"}
,"/home/deboracaires/Projetos/API - Sing me a Song/src/errors/LinkError.js": {"path":"/home/deboracaires/Projetos/API - Sing me a Song/src/errors/LinkError.js","statementMap":{"0":{"start":{"line":3,"column":4},"end":{"line":3,"column":19}},"1":{"start":{"line":4,"column":4},"end":{"line":4,"column":28}}},"fnMap":{"0":{"name":"(anonymous_0)","decl":{"start":{"line":2,"column":2},"end":{"line":2,"column":3}},"loc":{"start":{"line":2,"column":23},"end":{"line":5,"column":3}},"line":2}},"branchMap":{},"s":{"0":1,"1":1},"f":{"0":1},"b":{},"_coverageSchema":"1a1c01bbd47fc00a2c39e90264f33305004495a9","hash":"83df9cf9e62916ef499ef80e6b5b850dd21e3efb"}
,"/home/deboracaires/Projetos/API - Sing me a Song/src/errors/NameError.js": {"path":"/home/deboracaires/Projetos/API - Sing me a Song/src/errors/NameError.js","statementMap":{"0":{"start":{"line":3,"column":4},"end":{"line":3,"column":19}},"1":{"start":{"line":4,"column":4},"end":{"line":4,"column":28}}},"fnMap":{"0":{"name":"(anonymous_0)","decl":{"start":{"line":2,"column":2},"end":{"line":2,"column":3}},"loc":{"start":{"line":2,"column":23},"end":{"line":5,"column":3}},"line":2}},"branchMap":{},"s":{"0":1,"1":1},"f":{"0":1},"b":{},"_coverageSchema":"1a1c01bbd47fc00a2c39e90264f33305004495a9","hash":"1008ed9bf7f8959adec0884eff7299e341c7e77b"}
,"/home/deboracaires/Projetos/API - Sing me a Song/src/errors/RecommendationEmptyError.js": {"path":"/home/deboracaires/Projetos/API - Sing me a Song/src/errors/RecommendationEmptyError.js","statementMap":{"0":{"start":{"line":3,"column":4},"end":{"line":3,"column":19}},"1":{"start":{"line":4,"column":4},"end":{"line":4,"column":43}}},"fnMap":{"0":{"name":"(anonymous_0)","decl":{"start":{"line":2,"column":2},"end":{"line":2,"column":3}},"loc":{"start":{"line":2,"column":23},"end":{"line":5,"column":3}},"line":2}},"branchMap":{},"s":{"0":2,"1":2},"f":{"0":2},"b":{},"_coverageSchema":"1a1c01bbd47fc00a2c39e90264f33305004495a9","hash":"71e987e4021eadb31d7456cdfa0051480c94c5d4"}
,"/home/deboracaires/Projetos/API - Sing me a Song/src/repositories/recommendationRepository.js": {"path":"/home/deboracaires/Projetos/API - Sing me a Song/src/repositories/recommendationRepository.js","statementMap":{"0":{"start":{"line":4,"column":17},"end":{"line":6,"column":14}},"1":{"start":{"line":8,"column":2},"end":{"line":10,"column":3}},"2":{"start":{"line":9,"column":4},"end":{"line":9,"column":17}},"3":{"start":{"line":11,"column":2},"end":{"line":11,"column":21}},"4":{"start":{"line":15,"column":17},"end":{"line":17,"column":23}},"5":{"start":{"line":19,"column":2},"end":{"line":19,"column":21}},"6":{"start":{"line":23,"column":17},"end":{"line":25,"column":12}},"7":{"start":{"line":27,"column":2},"end":{"line":29,"column":3}},"8":{"start":{"line":28,"column":4},"end":{"line":28,"column":17}},"9":{"start":{"line":30,"column":2},"end":{"line":30,"column":24}},"10":{"start":{"line":34,"column":25},"end":{"line":34,"column":45}},"11":{"start":{"line":35,"column":16},"end":{"line":35,"column":48}},"12":{"start":{"line":36,"column":17},"end":{"line":38,"column":17}},"13":{"start":{"line":40,"column":2},"end":{"line":40,"column":24}},"14":{"start":{"line":44,"column":17},"end":{"line":46,"column":17}},"15":{"start":{"line":47,"column":2},"end":{"line":47,"column":24}},"16":{"start":{"line":51,"column":2},"end":{"line":53,"column":11}},"17":{"start":{"line":54,"column":2},"end":{"line":54,"column":14}},"18":{"start":{"line":58,"column":17},"end":{"line":60,"column":4}},"19":{"start":{"line":61,"column":2},"end":{"line":61,"column":21}},"20":{"start":{"line":65,"column":17},"end":{"line":67,"column":4}},"21":{"start":{"line":68,"column":2},"end":{"line":68,"column":21}},"22":{"start":{"line":72,"column":17},"end":{"line":74,"column":4}},"23":{"start":{"line":75,"column":2},"end":{"line":75,"column":21}}},"fnMap":{"0":{"name":"selectByLink","decl":{"start":{"line":3,"column":15},"end":{"line":3,"column":27}},"loc":{"start":{"line":3,"column":34},"end":{"line":12,"column":1}},"line":3},"1":{"name":"create","decl":{"start":{"line":14,"column":15},"end":{"line":14,"column":21}},"loc":{"start":{"line":14,"column":34},"end":{"line":20,"column":1}},"line":14},"2":{"name":"selectById","decl":{"start":{"line":22,"column":15},"end":{"line":22,"column":25}},"loc":{"start":{"line":22,"column":30},"end":{"line":31,"column":1}},"line":22},"3":{"name":"increaseScore","decl":{"start":{"line":33,"column":15},"end":{"line":33,"column":28}},"loc":{"start":{"line":33,"column":33},"end":{"line":41,"column":1}},"line":33},"4":{"name":"decreaseScore","decl":{"start":{"line":43,"column":15},"end":{"line":43,"column":28}},"loc":{"start":{"line":43,"column":40},"end":{"line":48,"column":1}},"line":43},"5":{"name":"deleteRecommendation","decl":{"start":{"line":50,"column":15},"end":{"line":50,"column":35}},"loc":{"start":{"line":50,"column":40},"end":{"line":55,"column":1}},"line":50},"6":{"name":"selectHighScore","decl":{"start":{"line":57,"column":15},"end":{"line":57,"column":30}},"loc":{"start":{"line":57,"column":33},"end":{"line":62,"column":1}},"line":57},"7":{"name":"selectLowScore","decl":{"start":{"line":64,"column":15},"end":{"line":64,"column":29}},"loc":{"start":{"line":64,"column":32},"end":{"line":69,"column":1}},"line":64},"8":{"name":"selectTopAmount","decl":{"start":{"line":71,"column":15},"end":{"line":71,"column":30}},"loc":{"start":{"line":71,"column":39},"end":{"line":76,"column":1}},"line":71}},"branchMap":{"0":{"loc":{"start":{"line":8,"column":2},"end":{"line":10,"column":3}},"type":"if","locations":[{"start":{"line":8,"column":2},"end":{"line":10,"column":3}},{"start":{},"end":{}}],"line":8},"1":{"loc":{"start":{"line":27,"column":2},"end":{"line":29,"column":3}},"type":"if","locations":[{"start":{"line":27,"column":2},"end":{"line":29,"column":3}},{"start":{},"end":{}}],"line":27}},"s":{"0":2,"1":2,"2":1,"3":1,"4":9,"5":9,"6":29,"7":29,"8":2,"9":27,"10":24,"11":24,"12":24,"13":24,"14":5,"15":5,"16":1,"17":1,"18":4,"19":4,"20":4,"21":4,"22":2,"23":2},"f":{"0":2,"1":9,"2":29,"3":24,"4":5,"5":1,"6":4,"7":4,"8":2},"b":{"0":[1,1],"1":[2,27]},"_coverageSchema":"1a1c01bbd47fc00a2c39e90264f33305004495a9","hash":"2c512949dece92ba9a9bc52005b63775515c2686"}
,"/home/deboracaires/Projetos/API - Sing me a Song/src/services/recommendationService.js": {"path":"/home/deboracaires/Projetos/API - Sing me a Song/src/services/recommendationService.js","statementMap":{"0":{"start":{"line":15,"column":2},"end":{"line":18,"column":7}},"1":{"start":{"line":17,"column":6},"end":{"line":17,"column":43}},"2":{"start":{"line":20,"column":2},"end":{"line":22,"column":3}},"3":{"start":{"line":21,"column":4},"end":{"line":21,"column":62}},"4":{"start":{"line":24,"column":20},"end":{"line":24,"column":69}},"5":{"start":{"line":26,"column":2},"end":{"line":28,"column":3}},"6":{"start":{"line":27,"column":4},"end":{"line":27,"column":64}},"7":{"start":{"line":30,"column":2},"end":{"line":30,"column":14}},"8":{"start":{"line":34,"column":2},"end":{"line":34,"column":55}},"9":{"start":{"line":34,"column":14},"end":{"line":34,"column":55}},"10":{"start":{"line":36,"column":18},"end":{"line":36,"column":63}},"11":{"start":{"line":38,"column":2},"end":{"line":38,"column":87}},"12":{"start":{"line":38,"column":25},"end":{"line":38,"column":87}},"13":{"start":{"line":40,"column":2},"end":{"line":40,"column":14}},"14":{"start":{"line":44,"column":2},"end":{"line":44,"column":55}},"15":{"start":{"line":44,"column":14},"end":{"line":44,"column":55}},"16":{"start":{"line":46,"column":25},"end":{"line":46,"column":70}},"17":{"start":{"line":48,"column":2},"end":{"line":48,"column":94}},"18":{"start":{"line":48,"column":32},"end":{"line":48,"column":94}},"19":{"start":{"line":50,"column":14},"end":{"line":50,"column":42}},"20":{"start":{"line":52,"column":2},"end":{"line":55,"column":3}},"21":{"start":{"line":53,"column":4},"end":{"line":53,"column":60}},"22":{"start":{"line":54,"column":4},"end":{"line":54,"column":17}},"23":{"start":{"line":57,"column":2},"end":{"line":57,"column":13}},"24":{"start":{"line":59,"column":2},"end":{"line":59,"column":15}},"25":{"start":{"line":63,"column":2},"end":{"line":63,"column":59}},"26":{"start":{"line":67,"column":20},"end":{"line":67,"column":68}},"27":{"start":{"line":68,"column":19},"end":{"line":68,"column":66}},"28":{"start":{"line":69,"column":2},"end":{"line":69,"column":127}},"29":{"start":{"line":69,"column":55},"end":{"line":69,"column":127}},"30":{"start":{"line":70,"column":2},"end":{"line":73,"column":3}},"31":{"start":{"line":71,"column":25},"end":{"line":71,"column":67}},"32":{"start":{"line":72,"column":4},"end":{"line":72,"column":34}},"33":{"start":{"line":74,"column":2},"end":{"line":77,"column":3}},"34":{"start":{"line":75,"column":25},"end":{"line":75,"column":68}},"35":{"start":{"line":76,"column":4},"end":{"line":76,"column":35}},"36":{"start":{"line":78,"column":17},"end":{"line":78,"column":87}},"37":{"start":{"line":79,"column":2},"end":{"line":79,"column":16}},"38":{"start":{"line":83,"column":17},"end":{"line":83,"column":71}},"39":{"start":{"line":85,"column":2},"end":{"line":87,"column":3}},"40":{"start":{"line":86,"column":4},"end":{"line":86,"column":76}},"41":{"start":{"line":89,"column":2},"end":{"line":89,"column":16}}},"fnMap":{"0":{"name":"verifyReqData","decl":{"start":{"line":14,"column":15},"end":{"line":14,"column":28}},"loc":{"start":{"line":14,"column":41},"end":{"line":31,"column":1}},"line":14},"1":{"name":"(anonymous_1)","decl":{"start":{"line":16,"column":11},"end":{"line":16,"column":12}},"loc":{"start":{"line":16,"column":17},"end":{"line":18,"column":5}},"line":16},"2":{"name":"verifyId","decl":{"start":{"line":33,"column":15},"end":{"line":33,"column":23}},"loc":{"start":{"line":33,"column":28},"end":{"line":41,"column":1}},"line":33},"3":{"name":"decreaseScore","decl":{"start":{"line":43,"column":15},"end":{"line":43,"column":28}},"loc":{"start":{"line":43,"column":33},"end":{"line":60,"column":1}},"line":43},"4":{"name":"sortNumber","decl":{"start":{"line":62,"column":15},"end":{"line":62,"column":25}},"loc":{"start":{"line":62,"column":36},"end":{"line":64,"column":1}},"line":62},"5":{"name":"sortRandom","decl":{"start":{"line":66,"column":15},"end":{"line":66,"column":25}},"loc":{"start":{"line":66,"column":28},"end":{"line":80,"column":1}},"line":66},"6":{"name":"verifyTopAmount","decl":{"start":{"line":82,"column":15},"end":{"line":82,"column":30}},"loc":{"start":{"line":82,"column":39},"end":{"line":90,"column":1}},"line":82}},"branchMap":{"0":{"loc":{"start":{"line":20,"column":2},"end":{"line":22,"column":3}},"type":"if","locations":[{"start":{"line":20,"column":2},"end":{"line":22,"column":3}},{"start":{},"end":{}}],"line":20},"1":{"loc":{"start":{"line":26,"column":2},"end":{"line":28,"column":3}},"type":"if","locations":[{"start":{"line":26,"column":2},"end":{"line":28,"column":3}},{"start":{},"end":{}}],"line":26},"2":{"loc":{"start":{"line":34,"column":2},"end":{"line":34,"column":55}},"type":"if","locations":[{"start":{"line":34,"column":2},"end":{"line":34,"column":55}},{"start":{},"end":{}}],"line":34},"3":{"loc":{"start":{"line":38,"column":2},"end":{"line":38,"column":87}},"type":"if","locations":[{"start":{"line":38,"column":2},"end":{"line":38,"column":87}},{"start":{},"end":{}}],"line":38},"4":{"loc":{"start":{"line":44,"column":2},"end":{"line":44,"column":55}},"type":"if","locations":[{"start":{"line":44,"column":2},"end":{"line":44,"column":55}},{"start":{},"end":{}}],"line":44},"5":{"loc":{"start":{"line":48,"column":2},"end":{"line":48,"column":94}},"type":"if","locations":[{"start":{"line":48,"column":2},"end":{"line":48,"column":94}},{"start":{},"end":{}}],"line":48},"6":{"loc":{"start":{"line":52,"column":2},"end":{"line":55,"column":3}},"type":"if","locations":[{"start":{"line":52,"column":2},"end":{"line":55,"column":3}},{"start":{},"end":{}}],"line":52},"7":{"loc":{"start":{"line":69,"column":2},"end":{"line":69,"column":127}},"type":"if","locations":[{"start":{"line":69,"column":2},"end":{"line":69,"column":127}},{"start":{},"end":{}}],"line":69},"8":{"loc":{"start":{"line":69,"column":6},"end":{"line":69,"column":53}},"type":"binary-expr","locations":[{"start":{"line":69,"column":6},"end":{"line":69,"column":28}},{"start":{"line":69,"column":32},"end":{"line":69,"column":53}}],"line":69},"9":{"loc":{"start":{"line":70,"column":2},"end":{"line":73,"column":3}},"type":"if","locations":[{"start":{"line":70,"column":2},"end":{"line":73,"column":3}},{"start":{},"end":{}}],"line":70},"10":{"loc":{"start":{"line":70,"column":6},"end":{"line":70,"column":53}},"type":"binary-expr","locations":[{"start":{"line":70,"column":6},"end":{"line":70,"column":28}},{"start":{"line":70,"column":32},"end":{"line":70,"column":53}}],"line":70},"11":{"loc":{"start":{"line":74,"column":2},"end":{"line":77,"column":3}},"type":"if","locations":[{"start":{"line":74,"column":2},"end":{"line":77,"column":3}},{"start":{},"end":{}}],"line":74},"12":{"loc":{"start":{"line":74,"column":6},"end":{"line":74,"column":53}},"type":"binary-expr","locations":[{"start":{"line":74,"column":6},"end":{"line":74,"column":28}},{"start":{"line":74,"column":32},"end":{"line":74,"column":53}}],"line":74},"13":{"loc":{"start":{"line":85,"column":2},"end":{"line":87,"column":3}},"type":"if","locations":[{"start":{"line":85,"column":2},"end":{"line":87,"column":3}},{"start":{},"end":{}}],"line":85}},"s":{"0":4,"1":1,"2":3,"3":1,"4":2,"5":2,"6":1,"7":1,"8":3,"9":1,"10":2,"11":2,"12":1,"13":1,"14":4,"15":1,"16":3,"17":3,"18":1,"19":2,"20":2,"21":1,"22":1,"23":1,"24":1,"25":5,"26":4,"27":4,"28":4,"29":1,"30":3,"31":1,"32":1,"33":2,"34":1,"35":1,"36":1,"37":1,"38":2,"39":2,"40":1,"41":1},"f":{"0":4,"1":1,"2":3,"3":4,"4":5,"5":4,"6":2},"b":{"0":[1,2],"1":[1,1],"2":[1,2],"3":[1,1],"4":[1,3],"5":[1,2],"6":[1,1],"7":[1,3],"8":[4,2],"9":[1,2],"10":[3,1],"11":[1,1],"12":[2,2],"13":[1,1]},"_coverageSchema":"1a1c01bbd47fc00a2c39e90264f33305004495a9","hash":"c78afc01628770a8c6061f3554c0466578a5e024"}
,"/home/deboracaires/Projetos/API - Sing me a Song/src/validation/recommendationValidation.js": {"path":"/home/deboracaires/Projetos/API - Sing me a Song/src/validation/recommendationValidation.js","statementMap":{"0":{"start":{"line":4,"column":19},"end":{"line":4,"column":49}},"1":{"start":{"line":5,"column":23},"end":{"line":5,"column":67}},"2":{"start":{"line":7,"column":2},"end":{"line":10,"column":3}},"3":{"start":{"line":8,"column":23},"end":{"line":8,"column":88}},"4":{"start":{"line":9,"column":4},"end":{"line":9,"column":33}},"5":{"start":{"line":11,"column":21},"end":{"line":11,"column":85}},"6":{"start":{"line":12,"column":2},"end":{"line":12,"column":30}}},"fnMap":{"0":{"name":"sortRecommendation","decl":{"start":{"line":3,"column":15},"end":{"line":3,"column":33}},"loc":{"start":{"line":3,"column":55},"end":{"line":13,"column":1}},"line":3}},"branchMap":{"0":{"loc":{"start":{"line":7,"column":2},"end":{"line":10,"column":3}},"type":"if","locations":[{"start":{"line":7,"column":2},"end":{"line":10,"column":3}},{"start":{},"end":{}}],"line":7}},"s":{"0":1,"1":1,"2":1,"3":0,"4":0,"5":1,"6":1},"f":{"0":1},"b":{"0":[0,1]},"_coverageSchema":"1a1c01bbd47fc00a2c39e90264f33305004495a9","hash":"89ff1bb83bccf112634f4bb73ec820a52e2c63b1"}
,"/home/deboracaires/Projetos/API - Sing me a Song/tests/utils/database.js": {"path":"/home/deboracaires/Projetos/API - Sing me a Song/tests/utils/database.js","statementMap":{"0":{"start":{"line":4,"column":2},"end":{"line":4,"column":58}},"1":{"start":{"line":8,"column":2},"end":{"line":8,"column":25}}},"fnMap":{"0":{"name":"clearDatabase","decl":{"start":{"line":3,"column":22},"end":{"line":3,"column":35}},"loc":{"start":{"line":3,"column":38},"end":{"line":5,"column":1}},"line":3},"1":{"name":"closeConnection","decl":{"start":{"line":7,"column":22},"end":{"line":7,"column":37}},"loc":{"start":{"line":7,"column":40},"end":{"line":9,"column":1}},"line":7}},"branchMap":{},"s":{"0":19,"1":1},"f":{"0":19,"1":1},"b":{},"_coverageSchema":"1a1c01bbd47fc00a2c39e90264f33305004495a9","hash":"38bb1d2b912ebdc3ecc65e9f026a03659ad0f6fa"}
}
