TN:
SF:src/database/database.js
FNF:0
FNH:0
DA:4,1
DA:5,1
DA:15,1
DA:17,1
DA:25,1
DA:26,0
DA:34,1
LF:7
LH:6
BRDA:25,0,0,0
BRDA:25,0,1,1
BRF:2
BRH:1
end_of_record
TN:
SF:src/errors/IdNotFoundError.js
FN:2,(anonymous_0)
FNF:1
FNH:1
FNDA:2,(anonymous_0)
DA:3,2
DA:4,2
LF:2
LH:2
BRF:0
BRH:0
end_of_record
TN:
SF:src/errors/InvalidIdError.js
FN:2,(anonymous_0)
FNF:1
FNH:1
FNDA:2,(anonymous_0)
DA:3,2
DA:4,2
LF:2
LH:2
BRF:0
BRH:0
end_of_record
TN:
SF:src/errors/LinkAlreadyRegisteredError.js
FN:2,(anonymous_0)
FNF:1
FNH:1
FNDA:1,(anonymous_0)
DA:3,1
DA:4,1
LF:2
LH:2
BRF:0
BRH:0
end_of_record
TN:
SF:src/errors/LinkError.js
FN:2,(anonymous_0)
FNF:1
FNH:1
FNDA:1,(anonymous_0)
DA:3,1
DA:4,1
LF:2
LH:2
BRF:0
BRH:0
end_of_record
TN:
SF:src/errors/NameError.js
FN:2,(anonymous_0)
FNF:1
FNH:1
FNDA:1,(anonymous_0)
DA:3,1
DA:4,1
LF:2
LH:2
BRF:0
BRH:0
end_of_record
TN:
SF:src/errors/RecommendationEmptyError.js
FN:2,(anonymous_0)
FNF:1
FNH:1
FNDA:2,(anonymous_0)
DA:3,2
DA:4,2
LF:2
LH:2
BRF:0
BRH:0
end_of_record
TN:
SF:src/repositories/recommendationRepository.js
FN:3,selectByLink
FN:14,create
FN:22,selectById
FN:33,increaseScore
FN:43,decreaseScore
FN:50,deleteRecommendation
FN:57,selectHighScore
FN:64,selectLowScore
FN:71,selectTopAmount
FNF:9
FNH:9
FNDA:2,selectByLink
FNDA:9,create
FNDA:29,selectById
FNDA:24,increaseScore
FNDA:5,decreaseScore
FNDA:1,deleteRecommendation
FNDA:4,selectHighScore
FNDA:4,selectLowScore
FNDA:2,selectTopAmount
DA:4,2
DA:8,2
DA:9,1
DA:11,1
DA:15,9
DA:19,9
DA:23,29
DA:27,29
DA:28,2
DA:30,27
DA:34,24
DA:35,24
DA:36,24
DA:40,24
DA:44,5
DA:47,5
DA:51,1
DA:54,1
DA:58,4
DA:61,4
DA:65,4
DA:68,4
DA:72,2
DA:75,2
LF:24
LH:24
BRDA:8,0,0,1
BRDA:8,0,1,1
BRDA:27,1,0,2
BRDA:27,1,1,27
BRF:4
BRH:4
end_of_record
TN:
SF:src/services/recommendationService.js
FN:14,verifyReqData
FN:16,(anonymous_1)
FN:33,verifyId
FN:43,decreaseScore
FN:62,sortNumber
FN:66,sortRandom
FN:82,verifyTopAmount
FNF:7
FNH:7
FNDA:4,verifyReqData
FNDA:1,(anonymous_1)
FNDA:3,verifyId
FNDA:4,decreaseScore
FNDA:5,sortNumber
FNDA:4,sortRandom
FNDA:2,verifyTopAmount
DA:15,4
DA:17,1
DA:20,3
DA:21,1
DA:24,2
DA:26,2
DA:27,1
DA:30,1
DA:34,3
DA:36,2
DA:38,2
DA:40,1
DA:44,4
DA:46,3
DA:48,3
DA:50,2
DA:52,2
DA:53,1
DA:54,1
DA:57,1
DA:59,1
DA:63,5
DA:67,4
DA:68,4
DA:69,4
DA:70,3
DA:71,1
DA:72,1
DA:74,2
DA:75,1
DA:76,1
DA:78,1
DA:79,1
DA:83,2
DA:85,2
DA:86,1
DA:89,1
LF:37
LH:37
BRDA:20,0,0,1
BRDA:20,0,1,2
BRDA:26,1,0,1
BRDA:26,1,1,1
BRDA:34,2,0,1
BRDA:34,2,1,2
BRDA:38,3,0,1
BRDA:38,3,1,1
BRDA:44,4,0,1
BRDA:44,4,1,3
BRDA:48,5,0,1
BRDA:48,5,1,2
BRDA:52,6,0,1
BRDA:52,6,1,1
BRDA:69,7,0,1
BRDA:69,7,1,3
BRDA:69,8,0,4
BRDA:69,8,1,2
BRDA:70,9,0,1
BRDA:70,9,1,2
BRDA:70,10,0,3
BRDA:70,10,1,1
BRDA:74,11,0,1
BRDA:74,11,1,1
BRDA:74,12,0,2
BRDA:74,12,1,2
BRDA:85,13,0,1
BRDA:85,13,1,1
BRF:28
BRH:28
end_of_record
TN:
SF:src/validation/recommendationValidation.js
FN:3,sortRecommendation
FNF:1
FNH:1
FNDA:1,sortRecommendation
DA:4,1
DA:5,1
DA:7,1
DA:8,0
DA:9,0
DA:11,1
DA:12,1
LF:7
LH:5
BRDA:7,0,0,0
BRDA:7,0,1,1
BRF:2
BRH:1
end_of_record
TN:
SF:tests/utils/database.js
FN:3,clearDatabase
FN:7,closeConnection
FNF:2
FNH:2
FNDA:19,clearDatabase
FNDA:1,closeConnection
DA:4,19
DA:8,1
LF:2
LH:2
BRF:0
BRH:0
end_of_record
